  Camera.cpp
  Game.cpp
  GameObject.cpp
  imgui.cpp
  imgui_demo.cpp
  imgui_draw.cpp
  imgui_impl.cpp
  IO.cpp
  main.cpp
  Mesh.cpp
  ResourceManager.cpp
  ShaderProgram.cpp
  Texture.cpp
  TextureCube.cpp
  Timer.cpp
  Transform.cpp
  UI.cpp
  UniformBuffer.cpp
  Generating Code...
LINK : warning LNK4098: defaultlib 'LIBCMT' conflicts with use of other libs; use /NODEFAULTLIB:library
imgui_impl.obj : warning LNK4049: locally defined symbol ___glewActiveTexture imported
Texture.obj : warning LNK4049: locally defined symbol ___glewActiveTexture imported
imgui_impl.obj : warning LNK4049: locally defined symbol ___glewBlendEquation imported
imgui_impl.obj : warning LNK4049: locally defined symbol ___glewBlendFuncSeparate imported
imgui_impl.obj : warning LNK4049: locally defined symbol ___glewBindBuffer imported
Mesh.obj : warning LNK4049: locally defined symbol ___glewBindBuffer imported
UniformBuffer.obj : warning LNK4049: locally defined symbol ___glewBindBuffer imported
imgui_impl.obj : warning LNK4049: locally defined symbol ___glewBufferData imported
Mesh.obj : warning LNK4049: locally defined symbol ___glewBufferData imported
UniformBuffer.obj : warning LNK4049: locally defined symbol ___glewBufferData imported
imgui_impl.obj : warning LNK4049: locally defined symbol ___glewGenBuffers imported
Mesh.obj : warning LNK4049: locally defined symbol ___glewGenBuffers imported
UniformBuffer.obj : warning LNK4049: locally defined symbol ___glewGenBuffers imported
imgui_impl.obj : warning LNK4049: locally defined symbol ___glewAttachShader imported
ShaderProgram.obj : warning LNK4049: locally defined symbol ___glewAttachShader imported
imgui_impl.obj : warning LNK4049: locally defined symbol ___glewBlendEquationSeparate imported
imgui_impl.obj : warning LNK4049: locally defined symbol ___glewCompileShader imported
ShaderProgram.obj : warning LNK4049: locally defined symbol ___glewCompileShader imported
imgui_impl.obj : warning LNK4049: locally defined symbol ___glewCreateProgram imported
ShaderProgram.obj : warning LNK4049: locally defined symbol ___glewCreateProgram imported
imgui_impl.obj : warning LNK4049: locally defined symbol ___glewCreateShader imported
ShaderProgram.obj : warning LNK4049: locally defined symbol ___glewCreateShader imported
imgui_impl.obj : warning LNK4049: locally defined symbol ___glewDisableVertexAttribArray imported
imgui_impl.obj : warning LNK4049: locally defined symbol ___glewEnableVertexAttribArray imported
Mesh.obj : warning LNK4049: locally defined symbol ___glewEnableVertexAttribArray imported
imgui_impl.obj : warning LNK4049: locally defined symbol ___glewGetAttribLocation imported
imgui_impl.obj : warning LNK4049: locally defined symbol ___glewGetUniformLocation imported
ShaderProgram.obj : warning LNK4049: locally defined symbol ___glewGetUniformLocation imported
imgui_impl.obj : warning LNK4049: locally defined symbol ___glewLinkProgram imported
ShaderProgram.obj : warning LNK4049: locally defined symbol ___glewLinkProgram imported
imgui_impl.obj : warning LNK4049: locally defined symbol ___glewShaderSource imported
ShaderProgram.obj : warning LNK4049: locally defined symbol ___glewShaderSource imported
imgui_impl.obj : warning LNK4049: locally defined symbol ___glewUniform1i imported
imgui_impl.obj : warning LNK4049: locally defined symbol ___glewUniformMatrix4fv imported
ShaderProgram.obj : warning LNK4049: locally defined symbol ___glewUniformMatrix4fv imported
imgui_impl.obj : warning LNK4049: locally defined symbol ___glewUseProgram imported
ShaderProgram.obj : warning LNK4049: locally defined symbol ___glewUseProgram imported
imgui_impl.obj : warning LNK4049: locally defined symbol ___glewVertexAttribPointer imported
Mesh.obj : warning LNK4049: locally defined symbol ___glewVertexAttribPointer imported
imgui_impl.obj : warning LNK4049: locally defined symbol ___glewBindVertexArray imported
Mesh.obj : warning LNK4049: locally defined symbol ___glewBindVertexArray imported
imgui_impl.obj : warning LNK4049: locally defined symbol ___glewGenVertexArrays imported
Mesh.obj : warning LNK4049: locally defined symbol ___glewGenVertexArrays imported
ShaderProgram.obj : warning LNK4049: locally defined symbol ___glewDeleteProgram imported
ShaderProgram.obj : warning LNK4049: locally defined symbol ___glewDeleteShader imported
ShaderProgram.obj : warning LNK4049: locally defined symbol ___glewDetachShader imported
ShaderProgram.obj : warning LNK4049: locally defined symbol ___glewGetProgramInfoLog imported
ShaderProgram.obj : warning LNK4049: locally defined symbol ___glewGetProgramiv imported
ShaderProgram.obj : warning LNK4049: locally defined symbol ___glewGetShaderInfoLog imported
ShaderProgram.obj : warning LNK4049: locally defined symbol ___glewGetShaderiv imported
ShaderProgram.obj : warning LNK4049: locally defined symbol ___glewUniform1f imported
ShaderProgram.obj : warning LNK4049: locally defined symbol ___glewUniform3fv imported
ShaderProgram.obj : warning LNK4049: locally defined symbol ___glewUniform4fv imported
ShaderProgram.obj : warning LNK4049: locally defined symbol ___glewGetUniformBlockIndex imported
ShaderProgram.obj : warning LNK4049: locally defined symbol ___glewUniformBlockBinding imported
Texture.obj : warning LNK4049: locally defined symbol ___glewTextureParameterf imported
Texture.obj : warning LNK4049: locally defined symbol ___glewTextureParameteri imported
TextureCube.obj : warning LNK4217: locally defined symbol ___glewTextureParameteri imported in function "public: class std::basic_string<char,struct std::char_traits<char>,class std::allocator<char> > & __thiscall std::basic_string<char,struct std::char_traits<char>,class std::allocator<char> >::_Reallocate_grow_by<class <lambda_67d87d4aa1269033985980465fd1d824> >(unsigned int,class <lambda_67d87d4aa1269033985980465fd1d824>)" (??$_Reallocate_grow_by@V<lambda_67d87d4aa1269033985980465fd1d824>@@$$V@?$basic_string@DU?$char_traits@D@std@@V?$allocator@D@2@@std@@QAEAAV01@IV<lambda_67d87d4aa1269033985980465fd1d824>@@@Z)
Texture.obj : warning LNK4049: locally defined symbol ___glewTextureStorage2D imported
Texture.obj : warning LNK4049: locally defined symbol ___glewTextureSubImage2D imported
Texture.obj : warning LNK4049: locally defined symbol ___glewGenerateMipmap imported
UniformBuffer.obj : warning LNK4049: locally defined symbol ___glewBufferSubData imported
UniformBuffer.obj : warning LNK4049: locally defined symbol ___glewBindBufferBase imported
MiniMath.lib(Utilities.obj) : warning LNK4099: PDB 'MiniMath.pdb' was not found with 'MiniMath.lib(Utilities.obj)' or at 'C:\Users\100672027\Documents\IMPORTANT\2018 - Fall Term\Intro to Computer Graphic\Assignment\Assignment 4\Tutorial 10 (1)\Debug\MiniMath.pdb'; linking object as if no debug info
MiniMath.lib(Matrix.obj) : warning LNK4099: PDB 'MiniMath.pdb' was not found with 'MiniMath.lib(Matrix.obj)' or at 'C:\Users\100672027\Documents\IMPORTANT\2018 - Fall Term\Intro to Computer Graphic\Assignment\Assignment 4\Tutorial 10 (1)\Debug\MiniMath.pdb'; linking object as if no debug info
MiniMath.lib(Vector.obj) : warning LNK4099: PDB 'MiniMath.pdb' was not found with 'MiniMath.lib(Vector.obj)' or at 'C:\Users\100672027\Documents\IMPORTANT\2018 - Fall Term\Intro to Computer Graphic\Assignment\Assignment 4\Tutorial 10 (1)\Debug\MiniMath.pdb'; linking object as if no debug info
glew32s.lib(glew.obj) : warning LNK4099: PDB 'vc120.pdb' was not found with 'glew32s.lib(glew.obj)' or at 'C:\Users\100672027\Documents\IMPORTANT\2018 - Fall Term\Intro to Computer Graphic\Assignment\Assignment 4\Tutorial 10 (1)\Debug\vc120.pdb'; linking object as if no debug info
freeglut_staticd.lib(fg_callbacks.obj) : warning LNK4099: PDB 'freeglut_static.pdb' was not found with 'freeglut_staticd.lib(fg_callbacks.obj)' or at 'C:\Users\100672027\Documents\IMPORTANT\2018 - Fall Term\Intro to Computer Graphic\Assignment\Assignment 4\Tutorial 10 (1)\Debug\freeglut_static.pdb'; linking object as if no debug info
freeglut_staticd.lib(fg_cursor.obj) : warning LNK4099: PDB 'freeglut_static.pdb' was not found with 'freeglut_staticd.lib(fg_cursor.obj)' or at 'C:\Users\100672027\Documents\IMPORTANT\2018 - Fall Term\Intro to Computer Graphic\Assignment\Assignment 4\Tutorial 10 (1)\Debug\freeglut_static.pdb'; linking object as if no debug info
freeglut_staticd.lib(fg_display.obj) : warning LNK4099: PDB 'freeglut_static.pdb' was not found with 'freeglut_staticd.lib(fg_display.obj)' or at 'C:\Users\100672027\Documents\IMPORTANT\2018 - Fall Term\Intro to Computer Graphic\Assignment\Assignment 4\Tutorial 10 (1)\Debug\freeglut_static.pdb'; linking object as if no debug info
freeglut_staticd.lib(fg_ext.obj) : warning LNK4099: PDB 'freeglut_static.pdb' was not found with 'freeglut_staticd.lib(fg_ext.obj)' or at 'C:\Users\100672027\Documents\IMPORTANT\2018 - Fall Term\Intro to Computer Graphic\Assignment\Assignment 4\Tutorial 10 (1)\Debug\freeglut_static.pdb'; linking object as if no debug info
freeglut_staticd.lib(fg_font_data.obj) : warning LNK4099: PDB 'freeglut_static.pdb' was not found with 'freeglut_staticd.lib(fg_font_data.obj)' or at 'C:\Users\100672027\Documents\IMPORTANT\2018 - Fall Term\Intro to Computer Graphic\Assignment\Assignment 4\Tutorial 10 (1)\Debug\freeglut_static.pdb'; linking object as if no debug info
freeglut_staticd.lib(fg_gamemode.obj) : warning LNK4099: PDB 'freeglut_static.pdb' was not found with 'freeglut_staticd.lib(fg_gamemode.obj)' or at 'C:\Users\100672027\Documents\IMPORTANT\2018 - Fall Term\Intro to Computer Graphic\Assignment\Assignment 4\Tutorial 10 (1)\Debug\freeglut_static.pdb'; linking object as if no debug info
freeglut_staticd.lib(fg_geometry.obj) : warning LNK4099: PDB 'freeglut_static.pdb' was not found with 'freeglut_staticd.lib(fg_geometry.obj)' or at 'C:\Users\100672027\Documents\IMPORTANT\2018 - Fall Term\Intro to Computer Graphic\Assignment\Assignment 4\Tutorial 10 (1)\Debug\freeglut_static.pdb'; linking object as if no debug info
freeglut_staticd.lib(fg_gl2.obj) : warning LNK4099: PDB 'freeglut_static.pdb' was not found with 'freeglut_staticd.lib(fg_gl2.obj)' or at 'C:\Users\100672027\Documents\IMPORTANT\2018 - Fall Term\Intro to Computer Graphic\Assignment\Assignment 4\Tutorial 10 (1)\Debug\freeglut_static.pdb'; linking object as if no debug info
freeglut_staticd.lib(fg_init.obj) : warning LNK4099: PDB 'freeglut_static.pdb' was not found with 'freeglut_staticd.lib(fg_init.obj)' or at 'C:\Users\100672027\Documents\IMPORTANT\2018 - Fall Term\Intro to Computer Graphic\Assignment\Assignment 4\Tutorial 10 (1)\Debug\freeglut_static.pdb'; linking object as if no debug info
freeglut_staticd.lib(fg_input_devices.obj) : warning LNK4099: PDB 'freeglut_static.pdb' was not found with 'freeglut_staticd.lib(fg_input_devices.obj)' or at 'C:\Users\100672027\Documents\IMPORTANT\2018 - Fall Term\Intro to Computer Graphic\Assignment\Assignment 4\Tutorial 10 (1)\Debug\freeglut_static.pdb'; linking object as if no debug info
freeglut_staticd.lib(fg_joystick.obj) : warning LNK4099: PDB 'freeglut_static.pdb' was not found with 'freeglut_staticd.lib(fg_joystick.obj)' or at 'C:\Users\100672027\Documents\IMPORTANT\2018 - Fall Term\Intro to Computer Graphic\Assignment\Assignment 4\Tutorial 10 (1)\Debug\freeglut_static.pdb'; linking object as if no debug info
freeglut_staticd.lib(fg_main.obj) : warning LNK4099: PDB 'freeglut_static.pdb' was not found with 'freeglut_staticd.lib(fg_main.obj)' or at 'C:\Users\100672027\Documents\IMPORTANT\2018 - Fall Term\Intro to Computer Graphic\Assignment\Assignment 4\Tutorial 10 (1)\Debug\freeglut_static.pdb'; linking object as if no debug info
freeglut_staticd.lib(fg_misc.obj) : warning LNK4099: PDB 'freeglut_static.pdb' was not found with 'freeglut_staticd.lib(fg_misc.obj)' or at 'C:\Users\100672027\Documents\IMPORTANT\2018 - Fall Term\Intro to Computer Graphic\Assignment\Assignment 4\Tutorial 10 (1)\Debug\freeglut_static.pdb'; linking object as if no debug info
freeglut_staticd.lib(fg_overlay.obj) : warning LNK4099: PDB 'freeglut_static.pdb' was not found with 'freeglut_staticd.lib(fg_overlay.obj)' or at 'C:\Users\100672027\Documents\IMPORTANT\2018 - Fall Term\Intro to Computer Graphic\Assignment\Assignment 4\Tutorial 10 (1)\Debug\freeglut_static.pdb'; linking object as if no debug info
freeglut_staticd.lib(fg_spaceball.obj) : warning LNK4099: PDB 'freeglut_static.pdb' was not found with 'freeglut_staticd.lib(fg_spaceball.obj)' or at 'C:\Users\100672027\Documents\IMPORTANT\2018 - Fall Term\Intro to Computer Graphic\Assignment\Assignment 4\Tutorial 10 (1)\Debug\freeglut_static.pdb'; linking object as if no debug info
freeglut_staticd.lib(fg_state.obj) : warning LNK4099: PDB 'freeglut_static.pdb' was not found with 'freeglut_staticd.lib(fg_state.obj)' or at 'C:\Users\100672027\Documents\IMPORTANT\2018 - Fall Term\Intro to Computer Graphic\Assignment\Assignment 4\Tutorial 10 (1)\Debug\freeglut_static.pdb'; linking object as if no debug info
freeglut_staticd.lib(fg_stroke_mono_roman.obj) : warning LNK4099: PDB 'freeglut_static.pdb' was not found with 'freeglut_staticd.lib(fg_stroke_mono_roman.obj)' or at 'C:\Users\100672027\Documents\IMPORTANT\2018 - Fall Term\Intro to Computer Graphic\Assignment\Assignment 4\Tutorial 10 (1)\Debug\freeglut_static.pdb'; linking object as if no debug info
freeglut_staticd.lib(fg_stroke_roman.obj) : warning LNK4099: PDB 'freeglut_static.pdb' was not found with 'freeglut_staticd.lib(fg_stroke_roman.obj)' or at 'C:\Users\100672027\Documents\IMPORTANT\2018 - Fall Term\Intro to Computer Graphic\Assignment\Assignment 4\Tutorial 10 (1)\Debug\freeglut_static.pdb'; linking object as if no debug info
freeglut_staticd.lib(fg_structure.obj) : warning LNK4099: PDB 'freeglut_static.pdb' was not found with 'freeglut_staticd.lib(fg_structure.obj)' or at 'C:\Users\100672027\Documents\IMPORTANT\2018 - Fall Term\Intro to Computer Graphic\Assignment\Assignment 4\Tutorial 10 (1)\Debug\freeglut_static.pdb'; linking object as if no debug info
freeglut_staticd.lib(fg_teapot.obj) : warning LNK4099: PDB 'freeglut_static.pdb' was not found with 'freeglut_staticd.lib(fg_teapot.obj)' or at 'C:\Users\100672027\Documents\IMPORTANT\2018 - Fall Term\Intro to Computer Graphic\Assignment\Assignment 4\Tutorial 10 (1)\Debug\freeglut_static.pdb'; linking object as if no debug info
freeglut_staticd.lib(fg_videoresize.obj) : warning LNK4099: PDB 'freeglut_static.pdb' was not found with 'freeglut_staticd.lib(fg_videoresize.obj)' or at 'C:\Users\100672027\Documents\IMPORTANT\2018 - Fall Term\Intro to Computer Graphic\Assignment\Assignment 4\Tutorial 10 (1)\Debug\freeglut_static.pdb'; linking object as if no debug info
freeglut_staticd.lib(fg_window.obj) : warning LNK4099: PDB 'freeglut_static.pdb' was not found with 'freeglut_staticd.lib(fg_window.obj)' or at 'C:\Users\100672027\Documents\IMPORTANT\2018 - Fall Term\Intro to Computer Graphic\Assignment\Assignment 4\Tutorial 10 (1)\Debug\freeglut_static.pdb'; linking object as if no debug info
freeglut_staticd.lib(fg_font.obj) : warning LNK4099: PDB 'freeglut_static.pdb' was not found with 'freeglut_staticd.lib(fg_font.obj)' or at 'C:\Users\100672027\Documents\IMPORTANT\2018 - Fall Term\Intro to Computer Graphic\Assignment\Assignment 4\Tutorial 10 (1)\Debug\freeglut_static.pdb'; linking object as if no debug info
freeglut_staticd.lib(fg_menu.obj) : warning LNK4099: PDB 'freeglut_static.pdb' was not found with 'freeglut_staticd.lib(fg_menu.obj)' or at 'C:\Users\100672027\Documents\IMPORTANT\2018 - Fall Term\Intro to Computer Graphic\Assignment\Assignment 4\Tutorial 10 (1)\Debug\freeglut_static.pdb'; linking object as if no debug info
freeglut_staticd.lib(fg_cursor_mswin.obj) : warning LNK4099: PDB 'freeglut_static.pdb' was not found with 'freeglut_staticd.lib(fg_cursor_mswin.obj)' or at 'C:\Users\100672027\Documents\IMPORTANT\2018 - Fall Term\Intro to Computer Graphic\Assignment\Assignment 4\Tutorial 10 (1)\Debug\freeglut_static.pdb'; linking object as if no debug info
freeglut_staticd.lib(fg_display_mswin.obj) : warning LNK4099: PDB 'freeglut_static.pdb' was not found with 'freeglut_staticd.lib(fg_display_mswin.obj)' or at 'C:\Users\100672027\Documents\IMPORTANT\2018 - Fall Term\Intro to Computer Graphic\Assignment\Assignment 4\Tutorial 10 (1)\Debug\freeglut_static.pdb'; linking object as if no debug info
freeglut_staticd.lib(fg_ext_mswin.obj) : warning LNK4099: PDB 'freeglut_static.pdb' was not found with 'freeglut_staticd.lib(fg_ext_mswin.obj)' or at 'C:\Users\100672027\Documents\IMPORTANT\2018 - Fall Term\Intro to Computer Graphic\Assignment\Assignment 4\Tutorial 10 (1)\Debug\freeglut_static.pdb'; linking object as if no debug info
freeglut_staticd.lib(fg_gamemode_mswin.obj) : warning LNK4099: PDB 'freeglut_static.pdb' was not found with 'freeglut_staticd.lib(fg_gamemode_mswin.obj)' or at 'C:\Users\100672027\Documents\IMPORTANT\2018 - Fall Term\Intro to Computer Graphic\Assignment\Assignment 4\Tutorial 10 (1)\Debug\freeglut_static.pdb'; linking object as if no debug info
freeglut_staticd.lib(fg_init_mswin.obj) : warning LNK4099: PDB 'freeglut_static.pdb' was not found with 'freeglut_staticd.lib(fg_init_mswin.obj)' or at 'C:\Users\100672027\Documents\IMPORTANT\2018 - Fall Term\Intro to Computer Graphic\Assignment\Assignment 4\Tutorial 10 (1)\Debug\freeglut_static.pdb'; linking object as if no debug info
freeglut_staticd.lib(fg_input_devices_mswin.obj) : warning LNK4099: PDB 'freeglut_static.pdb' was not found with 'freeglut_staticd.lib(fg_input_devices_mswin.obj)' or at 'C:\Users\100672027\Documents\IMPORTANT\2018 - Fall Term\Intro to Computer Graphic\Assignment\Assignment 4\Tutorial 10 (1)\Debug\freeglut_static.pdb'; linking object as if no debug info
freeglut_staticd.lib(fg_joystick_mswin.obj) : warning LNK4099: PDB 'freeglut_static.pdb' was not found with 'freeglut_staticd.lib(fg_joystick_mswin.obj)' or at 'C:\Users\100672027\Documents\IMPORTANT\2018 - Fall Term\Intro to Computer Graphic\Assignment\Assignment 4\Tutorial 10 (1)\Debug\freeglut_static.pdb'; linking object as if no debug info
freeglut_staticd.lib(fg_main_mswin.obj) : warning LNK4099: PDB 'freeglut_static.pdb' was not found with 'freeglut_staticd.lib(fg_main_mswin.obj)' or at 'C:\Users\100672027\Documents\IMPORTANT\2018 - Fall Term\Intro to Computer Graphic\Assignment\Assignment 4\Tutorial 10 (1)\Debug\freeglut_static.pdb'; linking object as if no debug info
freeglut_staticd.lib(fg_menu_mswin.obj) : warning LNK4099: PDB 'freeglut_static.pdb' was not found with 'freeglut_staticd.lib(fg_menu_mswin.obj)' or at 'C:\Users\100672027\Documents\IMPORTANT\2018 - Fall Term\Intro to Computer Graphic\Assignment\Assignment 4\Tutorial 10 (1)\Debug\freeglut_static.pdb'; linking object as if no debug info
freeglut_staticd.lib(fg_spaceball_mswin.obj) : warning LNK4099: PDB 'freeglut_static.pdb' was not found with 'freeglut_staticd.lib(fg_spaceball_mswin.obj)' or at 'C:\Users\100672027\Documents\IMPORTANT\2018 - Fall Term\Intro to Computer Graphic\Assignment\Assignment 4\Tutorial 10 (1)\Debug\freeglut_static.pdb'; linking object as if no debug info
freeglut_staticd.lib(fg_state_mswin.obj) : warning LNK4099: PDB 'freeglut_static.pdb' was not found with 'freeglut_staticd.lib(fg_state_mswin.obj)' or at 'C:\Users\100672027\Documents\IMPORTANT\2018 - Fall Term\Intro to Computer Graphic\Assignment\Assignment 4\Tutorial 10 (1)\Debug\freeglut_static.pdb'; linking object as if no debug info
freeglut_staticd.lib(fg_structure_mswin.obj) : warning LNK4099: PDB 'freeglut_static.pdb' was not found with 'freeglut_staticd.lib(fg_structure_mswin.obj)' or at 'C:\Users\100672027\Documents\IMPORTANT\2018 - Fall Term\Intro to Computer Graphic\Assignment\Assignment 4\Tutorial 10 (1)\Debug\freeglut_static.pdb'; linking object as if no debug info
freeglut_staticd.lib(fg_window_mswin.obj) : warning LNK4099: PDB 'freeglut_static.pdb' was not found with 'freeglut_staticd.lib(fg_window_mswin.obj)' or at 'C:\Users\100672027\Documents\IMPORTANT\2018 - Fall Term\Intro to Computer Graphic\Assignment\Assignment 4\Tutorial 10 (1)\Debug\freeglut_static.pdb'; linking object as if no debug info
freeglut_staticd.lib(xparsegeometry_repl.obj) : warning LNK4099: PDB 'freeglut_static.pdb' was not found with 'freeglut_staticd.lib(xparsegeometry_repl.obj)' or at 'C:\Users\100672027\Documents\IMPORTANT\2018 - Fall Term\Intro to Computer Graphic\Assignment\Assignment 4\Tutorial 10 (1)\Debug\freeglut_static.pdb'; linking object as if no debug info
  OpenGL_Framework.vcxproj -> C:\Users\100672027\Documents\IMPORTANT\2018 - Fall Term\Intro to Computer Graphic\Assignment\Assignment 4\Tutorial 10 (1)\Debug\OpenGL_Framework.exe
